<?xml version="1.0" encoding="UTF-8"?>
<testng-results skipped="0" failed="0" total="4" passed="4">
  <reporter-output>
  </reporter-output>
  <suite name="Suite_depend" duration-ms="18" started-at="2019-04-11T09:35:08Z" finished-at="2019-04-11T09:35:08Z">
    <groups>
    </groups>
    <test name="test_depend" duration-ms="18" started-at="2019-04-11T09:35:08Z" finished-at="2019-04-11T09:35:08Z">
      <class name="testng_depend">
        <test-method status="PASS" signature="abc1()" name="abc1" duration-ms="7" started-at="2019-04-11T09:35:08Z" finished-at="2019-04-11T09:35:08Z">
        </test-method>
        <test-method status="PASS" signature="abc()" name="abc" duration-ms="7" started-at="2019-04-11T09:35:08Z" finished-at="2019-04-11T09:35:08Z">
        </test-method>
        <test-method status="PASS" signature="abc2()" name="abc2" duration-ms="0" started-at="2019-04-11T09:35:08Z" finished-at="2019-04-11T09:35:08Z">
        </test-method>
        <test-method status="PASS" signature="function()" name="function" duration-ms="0" started-at="2019-04-11T09:35:08Z" depends-on-methods="testng_depend.abc, testng_depend.abc2" finished-at="2019-04-11T09:35:08Z">
        </test-method>
      </class>
    </test>
  </suite>
</testng-results>
